2020-11-06 11:32:16 INFO  eBanking:55 - Taking Scrrenshot
2020-11-06 11:46:54 INFO  eBanking:56 - Taking Scrrenshot
2020-11-06 11:46:54 INFO  eBanking:59 - Start Report
2020-11-06 11:56:22 INFO  eBanking:56 - Taking Scrrenshot
2020-11-06 11:56:22 INFO  eBanking:59 - Start Report
2020-11-06 11:56:33 INFO  eBanking:41 - Entered Username
2020-11-06 11:56:33 INFO  eBanking:43 - Entered passwored
2020-11-06 12:00:59 INFO  eBanking:56 - Taking Scrrenshot
2020-11-06 12:00:59 INFO  eBanking:59 - Start Report
2020-11-06 12:15:07 INFO  eBanking:56 - Taking Scrrenshot
2020-11-06 12:28:27 INFO  eBanking:56 - Taking Scrrenshot
2020-11-06 12:38:16 INFO  eBanking:56 - Taking Scrrenshot
2020-11-06 12:40:23 INFO  eBanking:56 - Taking Scrrenshot
2020-11-06 12:41:22 INFO  eBanking:56 - Taking Scrrenshot
2020-11-06 12:42:07 INFO  eBanking:56 - Taking Scrrenshot
2020-11-06 12:54:07 INFO  eBanking:52 - Taking Scrrenshot
2020-11-06 12:55:02 INFO  eBanking:52 - Taking Scrrenshot
2020-11-06 12:56:43 INFO  eBanking:52 - Taking Scrrenshot
2020-11-06 12:57:31 INFO  eBanking:52 - Taking Scrrenshot
2020-11-06 13:04:20 INFO  eBanking:52 - Taking Scrrenshot
2020-11-06 13:06:58 INFO  eBanking:53 - Taking Scrrenshot
2020-11-06 13:11:26 INFO  eBanking:53 - Taking Scrrenshot
2020-11-06 13:13:09 INFO  eBanking:53 - Taking Scrrenshot
2020-11-06 13:19:26 INFO  eBanking:59 - Taking Scrrenshot
2020-11-06 13:20:10 INFO  eBanking:59 - Taking Scrrenshot
2020-11-06 13:25:07 INFO  eBanking:61 - Taking Scrrenshot
2020-11-06 13:28:57 INFO  eBanking:61 - Taking Scrrenshot
2020-11-06 14:10:02 INFO  eBanking:61 - Taking Scrrenshot
2020-11-06 14:13:25 INFO  eBanking:36 - Taking Scrrenshot
2020-11-06 14:26:23 INFO  eBanking:69 - Taking Scrrenshot
2020-11-06 14:31:29 INFO  eBanking:76 - Taking Scrrenshot
2020-11-06 14:31:58 INFO  eBanking:76 - Taking Scrrenshot
2020-11-06 14:36:47 INFO  eBanking:85 - Taking Scrrenshot
2020-11-06 14:46:18 INFO  eBanking:86 - Taking Scrrenshot
2020-11-06 14:48:15 INFO  eBanking:86 - Taking Scrrenshot
2020-11-06 14:52:01 INFO  eBanking:86 - Taking Scrrenshot
2020-11-06 15:01:07 INFO  eBanking:87 - Taking Scrrenshot
2020-11-06 15:04:21 INFO  eBanking:87 - Taking Scrrenshot
2020-11-06 15:08:32 INFO  eBanking:87 - Taking Scrrenshot
2020-11-06 15:11:30 INFO  eBanking:87 - Taking Scrrenshot
2020-11-06 15:20:53 INFO  eBanking:87 - Taking Scrrenshot
2020-11-06 15:25:48 INFO  eBanking:87 - Taking Scrrenshot
2020-11-06 15:25:56 INFO  eBanking:56 - Taking Scrrenshot
2020-11-06 15:28:41 INFO  eBanking:87 - Taking Scrrenshot
2020-11-06 15:28:49 INFO  eBanking:57 - Taking Scrrenshot
2020-11-06 15:31:06 INFO  eBanking:87 - Taking Scrrenshot
2020-11-06 15:31:16 INFO  eBanking:57 - Taking Scrrenshot
2020-11-06 15:51:20 INFO  eBanking:51 - Taking Scrrenshot
2020-11-06 15:51:29 INFO  eBanking:22 - Taking Scrrenshot
2020-11-06 15:55:53 INFO  eBanking:51 - Taking Scrrenshot
2020-11-06 15:56:01 INFO  eBanking:22 - Taking Scrrenshot
2020-11-06 16:34:34 INFO  eBanking:22 - Taking Scrrenshot
2020-11-13 11:44:29 INFO  eBanking:11 - launch application
2020-11-13 12:39:25 INFO  eBanking:51 - Taking Scrrenshot
2020-11-13 12:40:22 INFO  eBanking:14 - launch application
2020-11-13 12:40:28 INFO  eBanking:19 - Entered username
2020-11-13 12:40:28 INFO  eBanking:21 - Entered password
2020-11-13 12:43:04 INFO  eBanking:14 - launch application
2020-11-13 12:43:09 INFO  eBanking:19 - Entered username
2020-11-13 12:43:09 INFO  eBanking:21 - Entered password
2020-11-13 12:45:12 INFO  eBanking:14 - launch application
2020-11-13 12:45:17 INFO  eBanking:19 - Entered username
2020-11-13 12:45:17 INFO  eBanking:21 - Entered password
2020-11-13 13:00:25 INFO  eBanking:14 - launch application
2020-11-13 13:11:28 INFO  eBanking:14 - launch application
2020-11-13 13:11:31 INFO  eBanking:19 - Entered username
2020-11-13 13:11:31 INFO  eBanking:21 - Entered password
2020-11-13 14:34:50 INFO  eBanking:15 - launch application
2020-11-13 14:35:55 INFO  eBanking:15 - launch application
2020-11-13 14:35:59 INFO  eBanking:20 - Entered username
2020-11-13 14:36:01 INFO  eBanking:22 - Entered password
2020-11-13 14:37:26 INFO  eBanking:16 - launch application
2020-11-13 14:37:30 INFO  eBanking:21 - Entered username
2020-11-13 14:37:30 INFO  eBanking:23 - Entered password
2020-11-13 14:50:35 INFO  eBanking:16 - launch application
2020-11-13 14:50:39 INFO  eBanking:21 - Entered username
2020-11-13 14:50:39 INFO  eBanking:23 - Entered password
2020-11-13 14:54:41 INFO  eBanking:16 - launch application
2020-11-13 14:54:47 INFO  eBanking:21 - Entered username
2020-11-13 14:54:47 INFO  eBanking:23 - Entered password
2020-11-13 14:57:23 INFO  eBanking:16 - launch application
2020-11-13 14:57:26 INFO  eBanking:21 - Entered username
2020-11-13 14:57:27 INFO  eBanking:23 - Entered password
2020-11-13 15:08:54 INFO  eBanking:16 - launch application
2020-11-13 15:09:12 INFO  eBanking:21 - Entered username
2020-11-13 15:09:12 INFO  eBanking:23 - Entered password
2020-11-13 15:11:22 INFO  eBanking:14 - Launch Banking App
2020-11-13 15:11:27 INFO  eBanking:18 - Entered Username
2020-11-13 15:11:27 INFO  eBanking:20 - Entered Password
2020-11-13 15:14:34 INFO  eBanking:14 - Launch Banking App
2020-11-13 15:14:41 INFO  eBanking:18 - Entered Username
2020-11-13 15:14:41 INFO  eBanking:20 - Entered Password
2020-11-13 15:19:47 INFO  eBanking:14 - Launch Banking App
2020-11-13 15:19:50 INFO  eBanking:18 - Entered Username
2020-11-13 15:19:52 INFO  eBanking:20 - Entered Password
2020-11-13 15:21:55 INFO  eBanking:14 - Launch Banking App
2020-11-13 15:22:06 INFO  eBanking:18 - Entered Username
2020-11-13 15:22:07 INFO  eBanking:20 - Entered Password
2020-11-13 15:23:14 INFO  eBanking:14 - Launch Banking App
2020-11-13 15:23:23 INFO  eBanking:18 - Entered Username
2020-11-13 15:23:23 INFO  eBanking:20 - Entered Password
2020-11-13 15:24:07 INFO  eBanking:14 - Launch Banking App
2020-11-13 15:24:14 INFO  eBanking:18 - Entered Username
2020-11-13 15:24:14 INFO  eBanking:20 - Entered Password
2020-11-13 15:25:11 INFO  eBanking:14 - Launch Banking App
2020-11-13 15:25:15 INFO  eBanking:18 - Entered Username
2020-11-13 15:25:15 INFO  eBanking:20 - Entered Password
2020-11-13 15:30:43 INFO  eBanking:14 - Launch Banking App
2020-11-13 15:31:02 INFO  eBanking:18 - Entered Username
2020-11-13 15:31:02 INFO  eBanking:20 - Entered Password
2020-11-13 15:49:59 INFO  eBanking:17 - Launch Banking App
2020-11-13 15:50:02 INFO  eBanking:21 - Entered Username
2020-11-13 15:50:04 INFO  eBanking:23 - Entered Password
2020-11-13 15:52:57 INFO  eBanking:17 - Launch Banking App
2020-11-13 15:53:05 INFO  eBanking:21 - Entered Username
2020-11-13 15:53:05 INFO  eBanking:23 - Entered Password
2020-11-13 15:55:35 INFO  eBanking:17 - Launch Banking App
2020-11-13 15:55:40 INFO  eBanking:21 - Entered Username
2020-11-13 15:55:40 INFO  eBanking:23 - Entered Password
2020-11-13 16:02:24 INFO  eBanking:17 - Launch Banking App
2020-11-13 16:02:47 INFO  eBanking:21 - Entered Username
2020-11-13 16:02:47 INFO  eBanking:23 - Entered Password
2020-11-13 16:11:07 INFO  eBanking:17 - Launch Banking App
2020-11-13 16:11:12 INFO  eBanking:21 - Entered Username
2020-11-13 16:11:12 INFO  eBanking:23 - Entered Password
2020-11-13 16:11:12 INFO  eBanking:33 - Taking Screenshots
2020-11-13 16:12:02 INFO  eBanking:17 - Launch Banking App
2020-11-13 16:12:06 INFO  eBanking:21 - Entered Username
2020-11-13 16:12:07 INFO  eBanking:23 - Entered Password
2020-11-13 16:13:41 INFO  eBanking:17 - Launch Banking App
2020-11-13 16:13:45 INFO  eBanking:21 - Entered Username
2020-11-13 16:13:45 INFO  eBanking:23 - Entered Password
2020-11-13 16:15:05 INFO  eBanking:17 - Launch Banking App
2020-11-13 16:15:12 INFO  eBanking:21 - Entered Username
2020-11-13 16:15:12 INFO  eBanking:23 - Entered Password
2020-11-13 16:15:13 INFO  eBanking:34 - Taking Screenshots
2020-11-13 16:17:55 INFO  eBanking:17 - Launch Banking App
2020-11-13 16:18:00 INFO  eBanking:21 - Entered Username
2020-11-13 16:18:00 INFO  eBanking:23 - Entered Password
2020-11-13 16:18:47 INFO  eBanking:17 - Launch Banking App
2020-11-13 16:18:50 INFO  eBanking:21 - Entered Username
2020-11-13 16:18:50 INFO  eBanking:23 - Entered Password
2020-11-13 16:22:26 INFO  eBanking:17 - Launch Banking App
2020-11-13 16:22:31 INFO  eBanking:21 - Entered Username
2020-11-13 16:22:31 INFO  eBanking:23 - Entered Password
2020-11-13 16:22:31 INFO  eBanking:24 - Before Login Screenshot
2020-11-13 16:22:31 INFO  eBanking:27 - After Login Screenshot
2020-11-13 16:34:19 INFO  eBanking:17 - Launch Banking App
2020-11-13 16:34:26 INFO  eBanking:22 - Entered Username
2020-11-13 16:34:26 INFO  eBanking:24 - Entered Password
2020-11-13 16:34:26 INFO  eBanking:25 - Before Login Screenshot
2020-11-13 16:34:27 INFO  eBanking:28 - After Login Screenshot
2020-11-13 16:34:49 INFO  eBanking:17 - Launch Banking App
2020-11-13 16:34:56 INFO  eBanking:22 - Entered Username
2020-11-13 16:34:56 INFO  eBanking:24 - Entered Password
2020-11-13 16:34:56 INFO  eBanking:25 - Before Login Screenshot
2020-11-13 16:34:57 INFO  eBanking:28 - After Login Screenshot
2020-11-13 16:35:36 INFO  eBanking:17 - Launch Banking App
2020-11-13 16:35:46 INFO  eBanking:22 - Entered Username
2020-11-13 16:35:46 INFO  eBanking:24 - Entered Password
2020-11-13 16:35:46 INFO  eBanking:25 - Before Login Screenshot
2020-11-13 16:35:47 INFO  eBanking:28 - After Login Screenshot
2020-11-13 16:53:49 INFO  eBanking:17 - Launch Banking App
2020-11-13 16:54:00 INFO  eBanking:22 - Entered Username
2020-11-13 16:54:00 INFO  eBanking:24 - Entered Password
2020-11-13 16:54:00 INFO  eBanking:25 - Before Login Screenshot
2020-11-13 16:54:15 INFO  eBanking:28 - After Login Screenshot
2020-11-13 16:56:00 INFO  eBanking:17 - Launch Banking App
2020-11-13 17:00:42 INFO  eBanking:17 - Launch Banking App
2020-11-13 17:00:48 INFO  eBanking:22 - Entered Username
2020-11-13 17:00:48 INFO  eBanking:24 - Entered Password
2020-11-13 17:00:48 INFO  eBanking:25 - Before Login Screenshot
2020-11-13 17:00:49 INFO  eBanking:28 - After Login Screenshot
2020-11-13 17:09:00 INFO  eBanking:17 - Launch Banking App
2020-11-13 17:09:21 INFO  eBanking:22 - Entered Username
2020-11-13 17:09:21 INFO  eBanking:24 - Entered Password
2020-11-13 17:09:21 INFO  eBanking:25 - Before Login Screenshot
2020-11-13 17:09:24 INFO  eBanking:28 - After Login Screenshot
2020-11-13 17:12:17 INFO  eBanking:17 - Launch Banking App
2020-11-13 17:16:37 INFO  eBanking:17 - Launch Banking App
2020-11-13 17:16:44 INFO  eBanking:22 - Entered Username
2020-11-13 17:16:44 INFO  eBanking:24 - Entered Password
2020-11-13 17:16:44 INFO  eBanking:25 - Before Login Screenshot
2020-11-13 17:16:46 INFO  eBanking:28 - After Login Screenshot
2020-11-13 17:16:49 INFO  eBanking:35 - Taking Screenshots
2020-11-13 17:18:44 INFO  eBanking:17 - Launch Banking App
2020-11-13 17:18:51 INFO  eBanking:22 - Entered Username
2020-11-13 17:18:51 INFO  eBanking:24 - Entered Password
2020-11-13 17:18:51 INFO  eBanking:25 - Before Login Screenshot
2020-11-13 17:18:53 INFO  eBanking:28 - After Login Screenshot
2020-11-13 17:18:56 INFO  eBanking:35 - Taking Screenshots
2020-11-13 17:18:57 INFO  eBanking:41 - Taking Screenshots Pass
2020-11-17 18:55:42 INFO  eBanking:17 - Launch Banking App
2020-11-17 18:55:51 INFO  eBanking:22 - Entered Username
2020-11-17 18:55:51 INFO  eBanking:24 - Entered Password
2020-11-17 18:55:51 INFO  eBanking:25 - Before Login Screenshot
2020-11-17 18:55:54 INFO  eBanking:28 - After Login Screenshot
2020-11-17 18:55:57 INFO  eBanking:35 - Taking Screenshots
2020-11-17 18:55:57 INFO  eBanking:41 - Taking Screenshots Pass
2020-11-17 19:02:24 INFO  eBanking:17 - Launch Banking App
2020-11-17 19:02:45 INFO  eBanking:22 - Entered Username
2020-11-17 19:02:45 INFO  eBanking:24 - Entered Password
2020-11-17 19:02:45 INFO  eBanking:25 - Before Login Screenshot
2020-11-17 19:02:47 INFO  eBanking:28 - After Login Screenshot
2020-11-17 19:02:51 INFO  eBanking:35 - Taking Screenshots
2020-11-17 19:02:51 INFO  eBanking:41 - Taking Screenshots Pass
2020-12-02 23:25:23 INFO  eBanking:17 - Launch Banking App
2020-12-02 23:25:29 INFO  eBanking:22 - Entered Username
2020-12-02 23:25:29 INFO  eBanking:24 - Entered Password
2020-12-02 23:25:29 INFO  eBanking:25 - Before Login Screenshot
2020-12-02 23:25:33 INFO  eBanking:28 - After Login Screenshot
2020-12-02 23:25:36 INFO  eBanking:35 - Taking Screenshots
2020-12-02 23:25:37 INFO  eBanking:41 - Taking Screenshots Pass
2020-12-07 17:33:56 INFO  eBanking:17 - Launch Banking App
2020-12-07 17:34:00 INFO  eBanking:22 - Entered Username
2020-12-07 17:34:00 INFO  eBanking:24 - Entered Password
2020-12-07 17:34:00 INFO  eBanking:25 - Before Login Screenshot
2020-12-07 17:34:02 INFO  eBanking:28 - After Login Screenshot
2020-12-07 17:34:06 INFO  eBanking:35 - Taking Screenshots
2020-12-07 17:34:06 INFO  eBanking:41 - Taking Screenshots Pass
2020-12-07 17:35:15 INFO  eBanking:17 - Launch Banking App
2020-12-07 17:35:19 INFO  eBanking:22 - Entered Username
2020-12-07 17:35:19 INFO  eBanking:24 - Entered Password
2020-12-07 17:35:19 INFO  eBanking:25 - Before Login Screenshot
2020-12-07 17:35:21 INFO  eBanking:28 - After Login Screenshot
2020-12-07 17:35:25 INFO  eBanking:35 - Taking Screenshots
2020-12-07 17:35:25 INFO  eBanking:41 - Taking Screenshots Pass
2020-12-08 10:48:49 INFO  eBanking:17 - Launch Banking App
2020-12-08 10:48:53 INFO  eBanking:22 - Entered Username
2020-12-08 10:48:53 INFO  eBanking:24 - Entered Password
2020-12-08 10:48:53 INFO  eBanking:25 - Before Login Screenshot
2020-12-08 10:48:56 INFO  eBanking:28 - After Login Screenshot
2020-12-08 10:49:00 INFO  eBanking:35 - Taking Screenshots
2020-12-08 10:49:00 INFO  eBanking:41 - Taking Screenshots Pass
2020-12-08 10:55:56 INFO  eBanking:17 - Launch Banking App
2020-12-08 10:56:00 INFO  eBanking:22 - Entered Username
2020-12-08 10:56:00 INFO  eBanking:24 - Entered Password
2020-12-08 10:56:00 INFO  eBanking:25 - Before Login Screenshot
2020-12-08 10:56:02 INFO  eBanking:28 - After Login Screenshot
2020-12-08 10:56:06 INFO  eBanking:35 - Taking Screenshots
2020-12-08 10:56:06 INFO  eBanking:41 - Taking Screenshots Pass
2020-12-08 13:30:29 INFO  eBanking:17 - Launch Banking App
2020-12-08 13:30:32 INFO  eBanking:22 - Entered Username
2020-12-08 13:30:32 INFO  eBanking:24 - Entered Password
2020-12-08 13:30:32 INFO  eBanking:25 - Before Login Screenshot
2020-12-08 13:30:37 INFO  eBanking:28 - After Login Screenshot
2020-12-08 13:30:40 INFO  eBanking:35 - Taking Screenshots
2020-12-08 13:30:41 INFO  eBanking:41 - Taking Screenshots Pass
2020-12-08 13:43:22 INFO  eBanking:17 - Launch Banking App
2020-12-08 13:43:24 INFO  eBanking:22 - Entered Username
2020-12-08 13:43:25 INFO  eBanking:24 - Entered Password
2020-12-08 13:43:25 INFO  eBanking:25 - Before Login Screenshot
2020-12-08 13:43:38 INFO  eBanking:28 - After Login Screenshot
2020-12-08 13:43:41 INFO  eBanking:35 - Taking Screenshots
2020-12-08 13:43:42 INFO  eBanking:41 - Taking Screenshots Pass
2020-12-16 12:25:34 INFO  eBanking:17 - Launch Banking App
2020-12-16 12:25:37 INFO  eBanking:22 - Entered Username
2020-12-16 12:25:37 INFO  eBanking:24 - Entered Password
2020-12-16 12:25:37 INFO  eBanking:25 - Before Login Screenshot
2020-12-16 12:25:39 INFO  eBanking:28 - After Login Screenshot
2020-12-16 12:25:43 INFO  eBanking:35 - Taking Screenshots
2020-12-16 12:25:43 INFO  eBanking:41 - Taking Screenshots Pass
